# JRE version: OpenJDK Runtime Environment (21.0.5) (build 21.0.5+-13047016-b750.29)
# Java VM: OpenJDK 64-Bit Server VM (21.0.5+-13047016-b750.29, mixed mode, tiered, compressed oops, compressed class ptrs, g1 gc, windows-amd64)
GC Precious Log:
 CardTable entry size: 512
 Card Set container configuration: InlinePtr #cards 5 size 8 Array Of Cards #cards 12 size 40 Howl #buckets 4 coarsen threshold 1843 Howl Bitmap #cards 512 size 80 coarsen threshold 460 Card regions per heap region 1 cards per card region 2048
 CPUs: 32 total, 32 available
 Memory: 32386M
 Large Page Support: Disabled
 NUMA Support: Disabled
 Compressed Oops: Enabled (32-bit)
 Heap Region Size: 1M
 Heap Min Capacity: 8M
 Heap Initial Capacity: 508M
 Heap Max Capacity: 2G
 Pre-touch: Disabled
 Parallel Workers: 23
 Concurrent Workers: 6
 Concurrent Refinement Workers: 23
 Periodic GC: Disabled
Heap:
 garbage-first heap   total 137216K, used 49753K [0x0000000080000000, 0x0000000100000000)
  region size 1024K, 24 young (24576K), 14 survivors (14336K)
 Metaspace       used 59550K, committed 61120K, reserved 1114112K
  class space    used 8063K, committed 8832K, reserved 1048576K
GC Heap History (20 events):
Event: 0.407 GC heap before
{Heap before GC invocations=0 (full 0):
 garbage-first heap   total 520192K, used 28672K [0x0000000080000000, 0x0000000100000000)
  region size 1024K, 25 young (25600K), 0 survivors (0K)
 Metaspace       used 8092K, committed 8256K, reserved 1114112K
  class space    used 714K, committed 768K, reserved 1048576K
}
Event: 0.409 GC heap after
{Heap after GC invocations=1 (full 0):
 garbage-first heap   total 520192K, used 9384K [0x0000000080000000, 0x0000000100000000)
  region size 1024K, 4 young (4096K), 4 survivors (4096K)
 Metaspace       used 8092K, committed 8256K, reserved 1114112K
  class space    used 714K, committed 768K, reserved 1048576K
}
Event: 1.753 GC heap before
{Heap before GC invocations=1 (full 0):
 garbage-first heap   total 520192K, used 43176K [0x0000000080000000, 0x0000000100000000)
  region size 1024K, 37 young (37888K), 4 survivors (4096K)
 Metaspace       used 12268K, committed 12480K, reserved 1114112K
  class space    used 1278K, committed 1408K, reserved 1048576K
}
Event: 1.755 GC heap after
{Heap after GC invocations=2 (full 0):
 garbage-first heap   total 520192K, used 12270K [0x0000000080000000, 0x0000000100000000)
  region size 1024K, 3 young (3072K), 3 survivors (3072K)
 Metaspace       used 12268K, committed 12480K, reserved 1114112K
  class space    used 1278K, committed 1408K, reserved 1048576K
}
Event: 4.109 GC heap before
{Heap before GC invocations=2 (full 0):
 garbage-first heap   total 520192K, used 61422K [0x0000000080000000, 0x0000000100000000)
  region size 1024K, 49 young (50176K), 3 survivors (3072K)
 Metaspace       used 15972K, committed 16256K, reserved 1114112K
  class space    used 1762K, committed 1920K, reserved 1048576K
}
Event: 4.112 GC heap after
{Heap after GC invocations=3 (full 0):
 garbage-first heap   total 520192K, used 19130K [0x0000000080000000, 0x0000000100000000)
  region size 1024K, 7 young (7168K), 7 survivors (7168K)
 Metaspace       used 15972K, committed 16256K, reserved 1114112K
  class space    used 1762K, committed 1920K, reserved 1048576K
}
Event: 10.100 GC heap before
{Heap before GC invocations=3 (full 0):
 garbage-first heap   total 520192K, used 40634K [0x0000000080000000, 0x0000000100000000)
  region size 1024K, 29 young (29696K), 7 survivors (7168K)
 Metaspace       used 21153K, committed 21504K, reserved 1114112K
  class space    used 2420K, committed 2624K, reserved 1048576K
}
Event: 10.106 GC heap after
{Heap after GC invocations=4 (full 0):
 garbage-first heap   total 520192K, used 21271K [0x0000000080000000, 0x0000000100000000)
  region size 1024K, 10 young (10240K), 10 survivors (10240K)
 Metaspace       used 21153K, committed 21504K, reserved 1114112K
  class space    used 2420K, committed 2624K, reserved 1048576K
}
Event: 10.647 GC heap before
{Heap before GC invocations=5 (full 0):
 garbage-first heap   total 75776K, used 73495K [0x0000000080000000, 0x0000000100000000)
  region size 1024K, 62 young (63488K), 10 survivors (10240K)
 Metaspace       used 29537K, committed 30144K, reserved 1114112K
  class space    used 3747K, committed 4032K, reserved 1048576K
}
Event: 10.653 GC heap after
{Heap after GC invocations=6 (full 0):
 garbage-first heap   total 89088K, used 24609K [0x0000000080000000, 0x0000000100000000)
  region size 1024K, 13 young (13312K), 13 survivors (13312K)
 Metaspace       used 29537K, committed 30144K, reserved 1114112K
  class space    used 3747K, committed 4032K, reserved 1048576K
}
Event: 11.114 GC heap before
{Heap before GC invocations=6 (full 0):
 garbage-first heap   total 89088K, used 63521K [0x0000000080000000, 0x0000000100000000)
  region size 1024K, 52 young (53248K), 13 survivors (13312K)
 Metaspace       used 34897K, committed 35776K, reserved 1114112K
  class space    used 4626K, committed 5056K, reserved 1048576K
}
Event: 11.118 GC heap after
{Heap after GC invocations=7 (full 0):
 garbage-first heap   total 89088K, used 26644K [0x0000000080000000, 0x0000000100000000)
  region size 1024K, 6 young (6144K), 6 survivors (6144K)
 Metaspace       used 34897K, committed 35776K, reserved 1114112K
  class space    used 4626K, committed 5056K, reserved 1048576K
}
Event: 11.133 GC heap before
{Heap before GC invocations=7 (full 0):
 garbage-first heap   total 89088K, used 27668K [0x0000000080000000, 0x0000000100000000)
  region size 1024K, 8 young (8192K), 6 survivors (6144K)
 Metaspace       used 35100K, committed 35968K, reserved 1114112K
  class space    used 4666K, committed 5120K, reserved 1048576K
}
Event: 11.137 GC heap after
{Heap after GC invocations=8 (full 0):
 garbage-first heap   total 89088K, used 27355K [0x0000000080000000, 0x0000000100000000)
  region size 1024K, 4 young (4096K), 4 survivors (4096K)
 Metaspace       used 35100K, committed 35968K, reserved 1114112K
  class space    used 4666K, committed 5120K, reserved 1048576K
}
Event: 11.592 GC heap before
{Heap before GC invocations=9 (full 0):
 garbage-first heap   total 89088K, used 75483K [0x0000000080000000, 0x0000000100000000)
  region size 1024K, 52 young (53248K), 4 survivors (4096K)
 Metaspace       used 43478K, committed 44608K, reserved 1114112K
  class space    used 5814K, committed 6400K, reserved 1048576K
}
Event: 11.599 GC heap after
{Heap after GC invocations=10 (full 0):
 garbage-first heap   total 89088K, used 30606K [0x0000000080000000, 0x0000000100000000)
  region size 1024K, 7 young (7168K), 7 survivors (7168K)
 Metaspace       used 43478K, committed 44608K, reserved 1114112K
  class space    used 5814K, committed 6400K, reserved 1048576K
}
Event: 11.976 GC heap before
{Heap before GC invocations=10 (full 0):
 garbage-first heap   total 89088K, used 74638K [0x0000000080000000, 0x0000000100000000)
  region size 1024K, 51 young (52224K), 7 survivors (7168K)
 Metaspace       used 47809K, committed 49088K, reserved 1114112K
  class space    used 6390K, committed 7040K, reserved 1048576K
}
Event: 11.985 GC heap after
{Heap after GC invocations=11 (full 0):
 garbage-first heap   total 305152K, used 34264K [0x0000000080000000, 0x0000000100000000)
  region size 1024K, 7 young (7168K), 7 survivors (7168K)
 Metaspace       used 47809K, committed 49088K, reserved 1114112K
  class space    used 6390K, committed 7040K, reserved 1048576K
}
Event: 13.777 GC heap before
{Heap before GC invocations=11 (full 0):
 garbage-first heap   total 305152K, used 129496K [0x0000000080000000, 0x0000000100000000)
  region size 1024K, 95 young (97280K), 7 survivors (7168K)
 Metaspace       used 58598K, committed 60096K, reserved 1114112K
  class space    used 7870K, committed 8640K, reserved 1048576K
}
Event: 13.785 GC heap after
{Heap after GC invocations=12 (full 0):
 garbage-first heap   total 305152K, used 41010K [0x0000000080000000, 0x0000000100000000)
  region size 1024K, 14 young (14336K), 14 survivors (14336K)
 Metaspace       used 58598K, committed 60096K, reserved 1114112K
  class space    used 7870K, committed 8640K, reserved 1048576K
}

